<?xml version="1.0" encoding="UTF-8"?>
<!-- Generated by org.testng.reporters.JUnitReportReporter -->
<testsuite hostname="LAPTOP-H2O2TLOD" failures="0" tests="3" name="com.test.ng.pac.TestngPackag" time="24.620" errors="0" timestamp="19 Apr 2021 16:50:54 GMT" skipped="0">
  <testcase classname="com.test.ng.pac.TestngPackag" name="tc1" time="5.311"/>
  <testcase classname="com.test.ng.pac.TestngPackag" name="tc2" time="6.537"/>
  <testcase classname="com.test.ng.pac.TestngPackag" name="tc3" time="12.772"/>
</testsuite> <!-- com.test.ng.pac.TestngPackag -->
